app/build/outputs/logs/manifest-merger-debug-report.txt
-- Merging decision tree log ---
manifest
ADDED from src\main\AndroidManifest.xml:2:1-56:12
INJECTED from src\main\AndroidManifest.xml:2:1-56:12
INJECTED from src\main\AndroidManifest.xml:2:1-56:12
INJECTED from src\main\AndroidManifest.xml:2:1-56:12
MERGED from [:moduleDemo] AndroidManifest.xml:2:1-22:12
MERGED from [:moduleScrollPicture] AndroidManifest.xml:2:1-17:12
MERGED from [:moduleSyncInterface] AndroidManifest.xml:2:1-17:12
MERGED from [:moduleRefresh] AndroidManifest.xml:2:1-17:12
MERGED from [com.android.support:appcompat-v7:27.0.2] AndroidManifest.xml:17:1-22:12
MERGED from [io.reactivex:rxandroid:1.1.0] AndroidManifest.xml:15:1-21:12
MERGED from [com.android.support:support-fragment:27.0.2] AndroidManifest.xml:17:1-22:12
MERGED from [com.android.support:support-core-utils:27.0.2] AndroidManifest.xml:17:1-22:12
MERGED from [com.android.support:animated-vector-drawable:27.0.2] AndroidManifest.xml:17:1-22:12
MERGED from [com.android.support:support-vector-drawable:27.0.2] AndroidManifest.xml:17:1-22:12
MERGED from [com.android.support:support-core-ui:27.0.2] AndroidManifest.xml:17:1-22:12
MERGED from [com.android.support:support-compat:27.0.2] AndroidManifest.xml:17:1-22:12
MERGED from [android.arch.lifecycle:runtime:1.0.3] AndroidManifest.xml:17:1-24:12
INJECTED from src\main\AndroidManifest.xml:2:1-56:12
INJECTED from src\main\AndroidManifest.xml:2:1-56:12
INJECTED from src\main\AndroidManifest.xml:2:1-56:12
	package
		ADDED from src\main\AndroidManifest.xml:4:5-35
		INJECTED from src\main\AndroidManifest.xml
		INJECTED from src\main\AndroidManifest.xml
	android:versionName
		ADDED from src\main\AndroidManifest.xml:6:5-30
		INJECTED from src\main\AndroidManifest.xml
		INJECTED from src\main\AndroidManifest.xml
	xmlns:tools
		ADDED from src\main\AndroidManifest.xml:3:5-51
	xmlns:android
		ADDED from src\main\AndroidManifest.xml:2:11-69
	android:versionCode
		ADDED from src\main\AndroidManifest.xml:5:5-28
		INJECTED from src\main\AndroidManifest.xml
		INJECTED from src\main\AndroidManifest.xml
uses-sdk
ADDED from src\main\AndroidManifest.xml:8:5-10:41
INJECTED from src\main\AndroidManifest.xml:8:5-10:41
INJECTED from src\main\AndroidManifest.xml:8:5-10:41
MERGED from [:moduleDemo] AndroidManifest.xml:7:5-9:41
MERGED from [:moduleDemo] AndroidManifest.xml:7:5-9:41
MERGED from [:moduleScrollPicture] AndroidManifest.xml:7:5-9:41
MERGED from [:moduleScrollPicture] AndroidManifest.xml:7:5-9:41
MERGED from [:moduleSyncInterface] AndroidManifest.xml:7:5-9:41
MERGED from [:moduleSyncInterface] AndroidManifest.xml:7:5-9:41
MERGED from [:moduleRefresh] AndroidManifest.xml:7:5-9:41
MERGED from [:moduleRefresh] AndroidManifest.xml:7:5-9:41
MERGED from [com.android.support:appcompat-v7:27.0.2] AndroidManifest.xml:20:5-44
MERGED from [com.android.support:appcompat-v7:27.0.2] AndroidManifest.xml:20:5-44
MERGED from [io.reactivex:rxandroid:1.1.0] AndroidManifest.xml:19:5-43
MERGED from [io.reactivex:rxandroid:1.1.0] AndroidManifest.xml:19:5-43
MERGED from [com.android.support:support-fragment:27.0.2] AndroidManifest.xml:20:5-44
MERGED from [com.android.support:support-fragment:27.0.2] AndroidManifest.xml:20:5-44
MERGED from [com.android.support:support-core-utils:27.0.2] AndroidManifest.xml:20:5-44
MERGED from [com.android.support:support-core-utils:27.0.2] AndroidManifest.xml:20:5-44
MERGED from [com.android.support:animated-vector-drawable:27.0.2] AndroidManifest.xml:20:5-44
MERGED from [com.android.support:animated-vector-drawable:27.0.2] AndroidManifest.xml:20:5-44
MERGED from [com.android.support:support-vector-drawable:27.0.2] AndroidManifest.xml:20:5-44
MERGED from [com.android.support:support-vector-drawable:27.0.2] AndroidManifest.xml:20:5-44
MERGED from [com.android.support:support-core-ui:27.0.2] AndroidManifest.xml:20:5-44
MERGED from [com.android.support:support-core-ui:27.0.2] AndroidManifest.xml:20:5-44
MERGED from [com.android.support:support-compat:27.0.2] AndroidManifest.xml:20:5-44
MERGED from [com.android.support:support-compat:27.0.2] AndroidManifest.xml:20:5-44
MERGED from [android.arch.lifecycle:runtime:1.0.3] AndroidManifest.xml:20:5-22:41
MERGED from [android.arch.lifecycle:runtime:1.0.3] AndroidManifest.xml:20:5-22:41
INJECTED from src\main\AndroidManifest.xml:8:5-10:41
INJECTED from src\main\AndroidManifest.xml:8:5-10:41
	android:targetSdkVersion
		ADDED from src\main\AndroidManifest.xml:10:9-38
		INJECTED from src\main\AndroidManifest.xml
		INJECTED from src\main\AndroidManifest.xml
	android:minSdkVersion
		ADDED from src\main\AndroidManifest.xml:9:9-34
		INJECTED from src\main\AndroidManifest.xml
		INJECTED from src\main\AndroidManifest.xml
supports-screens
ADDED from src\main\AndroidManifest.xml:12:5-18:40
	android:largeScreens
		ADDED from src\main\AndroidManifest.xml:14:9-36
	android:smallScreens
		ADDED from src\main\AndroidManifest.xml:17:9-36
	android:normalScreens
		ADDED from src\main\AndroidManifest.xml:15:9-37
	android:xlargeScreens
		ADDED from src\main\AndroidManifest.xml:18:9-37
	android:resizeable
		ADDED from src\main\AndroidManifest.xml:16:9-34
	android:anyDensity
		ADDED from src\main\AndroidManifest.xml:13:9-34
uses-permission#android.permission.INTERNET
ADDED from src\main\AndroidManifest.xml:20:5-67
	android:name
		ADDED from src\main\AndroidManifest.xml:20:22-64
uses-permission#android.permission.WRITE_EXTERNAL_STORAGE
ADDED from src\main\AndroidManifest.xml:21:5-81
	android:name
		ADDED from src\main\AndroidManifest.xml:21:22-78
uses-permission#android.permission.ACCESS_NETWORK_STATE
ADDED from src\main\AndroidManifest.xml:22:5-79
	android:name
		ADDED from src\main\AndroidManifest.xml:22:22-76
uses-permission#android.permission.ACCESS_WIFI_STATE
ADDED from src\main\AndroidManifest.xml:23:5-76
	android:name
		ADDED from src\main\AndroidManifest.xml:23:22-73
uses-permission#android.permission.VIBRATE
ADDED from src\main\AndroidManifest.xml:24:5-66
	android:name
		ADDED from src\main\AndroidManifest.xml:24:22-63
uses-permission#android.permission.READ_PHONE_STATE
ADDED from src\main\AndroidManifest.xml:25:5-75
	android:name
		ADDED from src\main\AndroidManifest.xml:25:22-72
uses-permission#android.permission.READ_EXTERNAL_STORAGE
ADDED from src\main\AndroidManifest.xml:26:5-80
	android:name
		ADDED from src\main\AndroidManifest.xml:26:22-77
application
ADDED from src\main\AndroidManifest.xml:28:5-54:19
MERGED from [:moduleDemo] AndroidManifest.xml:11:5-20:19
MERGED from [:moduleDemo] AndroidManifest.xml:11:5-20:19
MERGED from [:moduleScrollPicture] AndroidManifest.xml:11:5-15:19
MERGED from [:moduleScrollPicture] AndroidManifest.xml:11:5-15:19
MERGED from [:moduleSyncInterface] AndroidManifest.xml:11:5-15:19
MERGED from [:moduleSyncInterface] AndroidManifest.xml:11:5-15:19
MERGED from [:moduleRefresh] AndroidManifest.xml:11:5-15:19
MERGED from [:moduleRefresh] AndroidManifest.xml:11:5-15:19
	android:supportsRtl
		ADDED from [:moduleDemo] AndroidManifest.xml:14:9-35
	android:label
		ADDED from src\main\AndroidManifest.xml:33:9-41
	android:hardwareAccelerated
		ADDED from src\main\AndroidManifest.xml:31:9-43
	android:largeHeap
		ADDED from src\main\AndroidManifest.xml:34:9-33
	android:icon
		ADDED from src\main\AndroidManifest.xml:32:9-41
	android:allowBackup
		ADDED from src\main\AndroidManifest.xml:30:9-36
		REJECTED from [:moduleDemo] AndroidManifest.xml:12:9-35
		REJECTED from [:moduleScrollPicture] AndroidManifest.xml:12:9-35
		REJECTED from [:moduleSyncInterface] AndroidManifest.xml:12:9-35
		REJECTED from [:moduleRefresh] AndroidManifest.xml:12:9-35
	tools:replace
		ADDED from src\main\AndroidManifest.xml:35:9-57
	android:name
		ADDED from src\main\AndroidManifest.xml:29:9-57
meta-data#uz_version
ADDED from src\main\AndroidManifest.xml:36:9-38:37
	android:value
		ADDED from src\main\AndroidManifest.xml:38:13-34
	android:name
		ADDED from src\main\AndroidManifest.xml:37:13-38
activity#com.uzmap.pkg.EntranceActivity
ADDED from src\main\AndroidManifest.xml:40:9-51:20
	android:screenOrientation
		ADDED from src\main\AndroidManifest.xml:44:13-49
	android:label
		ADDED from src\main\AndroidManifest.xml:43:13-45
	android:configChanges
		ADDED from src\main\AndroidManifest.xml:42:13-122
	android:theme
		ADDED from src\main\AndroidManifest.xml:45:13-44
	android:name
		ADDED from src\main\AndroidManifest.xml:41:13-58
intent-filter#android.intent.action.MAIN+android.intent.category.LAUNCHER
ADDED from src\main\AndroidManifest.xml:46:13-50:29
action#android.intent.action.MAIN
ADDED from src\main\AndroidManifest.xml:47:17-69
	android:name
		ADDED from src\main\AndroidManifest.xml:47:25-66
category#android.intent.category.LAUNCHER
ADDED from src\main\AndroidManifest.xml:49:17-77
	android:name
		ADDED from src\main\AndroidManifest.xml:49:27-74
activity#com.apicloud.pkg.sdk.mvp.ui.activity.MainActivity
ADDED from src\main\AndroidManifest.xml:52:9-66
	android:name
		ADDED from src\main\AndroidManifest.xml:52:19-63
activity#com.apicloud.pkg.sdk.mvp.ui.activity.MainTestActivity
ADDED from src\main\AndroidManifest.xml:53:9-70
	android:name
		ADDED from src\main\AndroidManifest.xml:53:19-67
activity#com.apicloud.moduleDemo.DemoActivity
ADDED from [:moduleDemo] AndroidManifest.xml:15:9-19:84
	android:screenOrientation
		ADDED from [:moduleDemo] AndroidManifest.xml:18:13-49
	android:configChanges
		ADDED from [:moduleDemo] AndroidManifest.xml:17:13-55
	android:theme
		ADDED from [:moduleDemo] AndroidManifest.xml:19:13-81
	android:name
		ADDED from [:moduleDemo] AndroidManifest.xml:16:13-64